Outbound/Inbound Sample

Iteration 0
outbound errors = 0x0
Original packet: 4500005a000000009904a819d82cf15d0d2aa2d22033ce047f5bfab113c78e8055040000b4c29dd80000000161ae5a6c20cc8759519a8d9a9a0a153716b153910cd11e47bf04066bbe0c5b1f89ef6375c5a2918b603d0f39ddee
Outbound packet: 8800004500000000aaaa0000aaaaaaaabbbbbbbb000003ea000000016768696a6b6c6d6e6f70717273747576d75d1d4e99543a176b5e4815c4c29a06a3811b38a0a5d5b46b26a81de1d436ea9d8c44579572791a4caa7d38da8806344b0b63937e643e68b8824f539d9f9772930ee31929b9a790498f9d1b05a8781586c30e93433836027d4632655c4a00f795691cfdfe44ba158743833a
Processed inbound packet: 4500005a000000009904a819d82cf15d0d2aa2d22033ce047f5bfab113c78e8055040000b4c29dd80000000161ae5a6c20cc8759519a8d9a9a0a153716b153910cd11e47bf04066bbe0c5b1f89ef6375c5a2918b603d0f39ddee
inbound errors = 0x0

Iteration 1
outbound errors = 0x0
Original packet: 4500005a000000009904a819d82cf15d0d2aa2d22033ce047f5bfab113c78e8055040000b4c29dd80000000161ae5a6c20cc8759519a8d9a9a0a153716b153910cd11e47bf04066bbe0c5b1f89ef6375c5a2918b603d0f39ddee
Outbound packet: 8800004500000000aaaa0000aaaaaaaabbbbbbbb000003ea000000026768696a6b6c6d6e6f70717273747576d75d1d4e99543a176b5e4815c4c29a06a3811b38a0a5d5b46b26a81de1d436ea9d8c44579572791a4caa7d38da8806344b0b63937e643e68b8824f539d9f9772930ee31929b9a790498f9d1b05a8781586c30e93433836027d4632655c4a00f767dbd2c91424fb7c0bba5bda
Processed inbound packet: 4500005a000000009904a819d82cf15d0d2aa2d22033ce047f5bfab113c78e8055040000b4c29dd80000000161ae5a6c20cc8759519a8d9a9a0a153716b153910cd11e47bf04066bbe0c5b1f89ef6375c5a2918b603d0f39ddee
inbound errors = 0x0

Iteration 2
outbound errors = 0x0
Original packet: 4500005a000000009904a819d82cf15d0d2aa2d22033ce047f5bfab113c78e8055040000b4c29dd80000000161ae5a6c20cc8759519a8d9a9a0a153716b153910cd11e47bf04066bbe0c5b1f89ef6375c5a2918b603d0f39ddee
Outbound packet: 8800004500000000aaaa0000aaaaaaaabbbbbbbb000003ea000000036768696a6b6c6d6e6f70717273747576d75d1d4e99543a176b5e4815c4c29a06a3811b38a0a5d5b46b26a81de1d436ea9d8c44579572791a4caa7d38da8806344b0b63937e643e68b8824f539d9f9772930ee31929b9a790498f9d1b05a8781586c30e93433836027d4632655c4a00f77c44200e508612fd948fef36
Processed inbound packet: 4500005a000000009904a819d82cf15d0d2aa2d22033ce047f5bfab113c78e8055040000b4c29dd80000000161ae5a6c20cc8759519a8d9a9a0a153716b153910cd11e47bf04066bbe0c5b1f89ef6375c5a2918b603d0f39ddee
inbound errors = 0x0

Iteration 3
outbound errors = 0x0
Original packet: 4500005a000000009904a819d82cf15d0d2aa2d22033ce047f5bfab113c78e8055040000b4c29dd80000000161ae5a6c20cc8759519a8d9a9a0a153716b153910cd11e47bf04066bbe0c5b1f89ef6375c5a2918b603d0f39ddee
Outbound packet: 8800004500000000aaaa0000aaaaaaaabbbbbbbb000003ea000000046768696a6b6c6d6e6f70717273747576d75d1d4e99543a176b5e4815c4c29a06a3811b38a0a5d5b46b26a81de1d436ea9d8c44579572791a4caa7d38da8806344b0b63937e643e68b8824f539d9f9772930ee31929b9a790498f9d1b05a8781586c30e93433836027d4632655c4a00f7b527a0b746134f69e03850e5
Processed inbound packet: 4500005a000000009904a819d82cf15d0d2aa2d22033ce047f5bfab113c78e8055040000b4c29dd80000000161ae5a6c20cc8759519a8d9a9a0a153716b153910cd11e47bf04066bbe0c5b1f89ef6375c5a2918b603d0f39ddee
inbound errors = 0x0

Iteration 4
outbound errors = 0x0
Original packet: 4500005a000000009904a819d82cf15d0d2aa2d22033ce047f5bfab113c78e8055040000b4c29dd80000000161ae5a6c20cc8759519a8d9a9a0a153716b153910cd11e47bf04066bbe0c5b1f89ef6375c5a2918b603d0f39ddee
Outbound packet: 8800004500000000aaaa0000aaaaaaaabbbbbbbb000003ea000000056768696a6b6c6d6e6f70717273747576d75d1d4e99543a176b5e4815c4c29a06a3811b38a0a5d5b46b26a81de1d436ea9d8c44579572791a4caa7d38da8806344b0b63937e643e68b8824f539d9f9772930ee31929b9a790498f9d1b05a8781586c30e93433836027d4632655c4a00f7669f19c8f12b7e81b3b74b1a
Processed inbound packet: 4500005a000000009904a819d82cf15d0d2aa2d22033ce047f5bfab113c78e8055040000b4c29dd80000000161ae5a6c20cc8759519a8d9a9a0a153716b153910cd11e47bf04066bbe0c5b1f89ef6375c5a2918b603d0f39ddee
inbound errors = 0x0

Iteration 5
outbound errors = 0x0
Original packet: 4500005a000000009904a819d82cf15d0d2aa2d22033ce047f5bfab113c78e8055040000b4c29dd80000000161ae5a6c20cc8759519a8d9a9a0a153716b153910cd11e47bf04066bbe0c5b1f89ef6375c5a2918b603d0f39ddee
Outbound packet: 8800004500000000aaaa0000aaaaaaaabbbbbbbb000003ea000000066768696a6b6c6d6e6f70717273747576d75d1d4e99543a176b5e4815c4c29a06a3811b38a0a5d5b46b26a81de1d436ea9d8c44579572791a4caa7d38da8806344b0b63937e643e68b8824f539d9f9772930ee31929b9a790498f9d1b05a8781586c30e93433836027d4632655c4a00f761a3f33ac429094318b1488f
Processed inbound packet: 4500005a000000009904a819d82cf15d0d2aa2d22033ce047f5bfab113c78e8055040000b4c29dd80000000161ae5a6c20cc8759519a8d9a9a0a153716b153910cd11e47bf04066bbe0c5b1f89ef6375c5a2918b603d0f39ddee
inbound errors = 0x0

Iteration 6
outbound errors = 0x0
Original packet: 4500005a000000009904a819d82cf15d0d2aa2d22033ce047f5bfab113c78e8055040000b4c29dd80000000161ae5a6c20cc8759519a8d9a9a0a153716b153910cd11e47bf04066bbe0c5b1f89ef6375c5a2918b603d0f39ddee
Outbound packet: 8800004500000000aaaa0000aaaaaaaabbbbbbbb000003ea000000076768696a6b6c6d6e6f70717273747576d75d1d4e99543a176b5e4815c4c29a06a3811b38a0a5d5b46b26a81de1d436ea9d8c44579572791a4caa7d38da8806344b0b63937e643e68b8824f539d9f9772930ee31929b9a790498f9d1b05a8781586c30e93433836027d4632655c4a00f793a8c90ef08f3eb2be1921e6
Processed inbound packet: 4500005a000000009904a819d82cf15d0d2aa2d22033ce047f5bfab113c78e8055040000b4c29dd80000000161ae5a6c20cc8759519a8d9a9a0a153716b153910cd11e47bf04066bbe0c5b1f89ef6375c5a2918b603d0f39ddee
inbound errors = 0x0

Iteration 7
outbound errors = 0x0
Original packet: 4500005a000000009904a819d82cf15d0d2aa2d22033ce047f5bfab113c78e8055040000b4c29dd80000000161ae5a6c20cc8759519a8d9a9a0a153716b153910cd11e47bf04066bbe0c5b1f89ef6375c5a2918b603d0f39ddee
Outbound packet: 8800004500000000aaaa0000aaaaaaaabbbbbbbb000003ea000000086768696a6b6c6d6e6f70717273747576d75d1d4e99543a176b5e4815c4c29a06a3811b38a0a5d5b46b26a81de1d436ea9d8c44579572791a4caa7d38da8806344b0b63937e643e68b8824f539d9f9772930ee31929b9a790498f9d1b05a8781586c30e93433836027d4632655c4a00f735e3435138e6ce11637239e5
Processed inbound packet: 4500005a000000009904a819d82cf15d0d2aa2d22033ce047f5bfab113c78e8055040000b4c29dd80000000161ae5a6c20cc8759519a8d9a9a0a153716b153910cd11e47bf04066bbe0c5b1f89ef6375c5a2918b603d0f39ddee
inbound errors = 0x0

Iteration 8
outbound errors = 0x0
Original packet: 4500005a000000009904a819d82cf15d0d2aa2d22033ce047f5bfab113c78e8055040000b4c29dd80000000161ae5a6c20cc8759519a8d9a9a0a153716b153910cd11e47bf04066bbe0c5b1f89ef6375c5a2918b603d0f39ddee
Outbound packet: 8800004500000000aaaa0000aaaaaaaabbbbbbbb000003ea000000096768696a6b6c6d6e6f70717273747576d75d1d4e99543a176b5e4815c4c29a06a3811b38a0a5d5b46b26a81de1d436ea9d8c44579572791a4caa7d38da8806344b0b63937e643e68b8824f539d9f9772930ee31929b9a790498f9d1b05a8781586c30e93433836027d4632655c4a00f7321a532231722c7e951278ee
Processed inbound packet: 4500005a000000009904a819d82cf15d0d2aa2d22033ce047f5bfab113c78e8055040000b4c29dd80000000161ae5a6c20cc8759519a8d9a9a0a153716b153910cd11e47bf04066bbe0c5b1f89ef6375c5a2918b603d0f39ddee
inbound errors = 0x0

Iteration 9
outbound errors = 0x0
Original packet: 4500005a000000009904a819d82cf15d0d2aa2d22033ce047f5bfab113c78e8055040000b4c29dd80000000161ae5a6c20cc8759519a8d9a9a0a153716b153910cd11e47bf04066bbe0c5b1f89ef6375c5a2918b603d0f39ddee
Outbound packet: 8800004500000000aaaa0000aaaaaaaabbbbbbbb000003ea0000000a6768696a6b6c6d6e6f70717273747576d75d1d4e99543a176b5e4815c4c29a06a3811b38a0a5d5b46b26a81de1d436ea9d8c44579572791a4caa7d38da8806344b0b63937e643e68b8824f539d9f9772930ee31929b9a790498f9d1b05a8781586c30e93433836027d4632655c4a00f79c400cf9374eb7b425ced139
Processed inbound packet: 4500005a000000009904a819d82cf15d0d2aa2d22033ce047f5bfab113c78e8055040000b4c29dd80000000161ae5a6c20cc8759519a8d9a9a0a153716b153910cd11e47bf04066bbe0c5b1f89ef6375c5a2918b603d0f39ddee
inbound errors = 0x0

Iteration 10
outbound errors = 0x0
Original packet: 4500005a000000009904a819d82cf15d0d2aa2d22033ce047f5bfab113c78e8055040000b4c29dd80000000161ae5a6c20cc8759519a8d9a9a0a153716b153910cd11e47bf04066bbe0c5b1f89ef6375c5a2918b603d0f39ddee
Outbound packet: 8800004500000000aaaa0000aaaaaaaabbbbbbbb000003ea0000000b6768696a6b6c6d6e6f70717273747576d75d1d4e99543a176b5e4815c4c29a06a3811b38a0a5d5b46b26a81de1d436ea9d8c44579572791a4caa7d38da8806344b0b63937e643e68b8824f539d9f9772930ee31929b9a790498f9d1b05a8781586c30e93433836027d4632655c4a00f7e5dfcff804b28ccef3c1b9cb
Processed inbound packet: 4500005a000000009904a819d82cf15d0d2aa2d22033ce047f5bfab113c78e8055040000b4c29dd80000000161ae5a6c20cc8759519a8d9a9a0a153716b153910cd11e47bf04066bbe0c5b1f89ef6375c5a2918b603d0f39ddee
inbound errors = 0x0

Iteration 11
outbound errors = 0x0
Original packet: 4500005a000000009904a819d82cf15d0d2aa2d22033ce047f5bfab113c78e8055040000b4c29dd80000000161ae5a6c20cc8759519a8d9a9a0a153716b153910cd11e47bf04066bbe0c5b1f89ef6375c5a2918b603d0f39ddee
Outbound packet: 8800004500000000aaaa0000aaaaaaaabbbbbbbb000003ea0000000c6768696a6b6c6d6e6f70717273747576d75d1d4e99543a176b5e4815c4c29a06a3811b38a0a5d5b46b26a81de1d436ea9d8c44579572791a4caa7d38da8806344b0b63937e643e68b8824f539d9f9772930ee31929b9a790498f9d1b05a8781586c30e93433836027d4632655c4a00f7ae4e6ce53472cc2b43f0c247
Processed inbound packet: 4500005a000000009904a819d82cf15d0d2aa2d22033ce047f5bfab113c78e8055040000b4c29dd80000000161ae5a6c20cc8759519a8d9a9a0a153716b153910cd11e47bf04066bbe0c5b1f89ef6375c5a2918b603d0f39ddee
inbound errors = 0x0

Iteration 12
outbound errors = 0x0
Original packet: 4500005a000000009904a819d82cf15d0d2aa2d22033ce047f5bfab113c78e8055040000b4c29dd80000000161ae5a6c20cc8759519a8d9a9a0a153716b153910cd11e47bf04066bbe0c5b1f89ef6375c5a2918b603d0f39ddee
Outbound packet: 8800004500000000aaaa0000aaaaaaaabbbbbbbb000003ea0000000d6768696a6b6c6d6e6f70717273747576d75d1d4e99543a176b5e4815c4c29a06a3811b38a0a5d5b46b26a81de1d436ea9d8c44579572791a4caa7d38da8806344b0b63937e643e68b8824f539d9f9772930ee31929b9a790498f9d1b05a8781586c30e93433836027d4632655c4a00f73e423360ba6283db9327245a
Processed inbound packet: 4500005a000000009904a819d82cf15d0d2aa2d22033ce047f5bfab113c78e8055040000b4c29dd80000000161ae5a6c20cc8759519a8d9a9a0a153716b153910cd11e47bf04066bbe0c5b1f89ef6375c5a2918b603d0f39ddee
inbound errors = 0x0

Iteration 13
outbound errors = 0x0
Original packet: 4500005a000000009904a819d82cf15d0d2aa2d22033ce047f5bfab113c78e8055040000b4c29dd80000000161ae5a6c20cc8759519a8d9a9a0a153716b153910cd11e47bf04066bbe0c5b1f89ef6375c5a2918b603d0f39ddee
Outbound packet: 8800004500000000aaaa0000aaaaaaaabbbbbbbb000003ea0000000e6768696a6b6c6d6e6f70717273747576d75d1d4e99543a176b5e4815c4c29a06a3811b38a0a5d5b46b26a81de1d436ea9d8c44579572791a4caa7d38da8806344b0b63937e643e68b8824f539d9f9772930ee31929b9a790498f9d1b05a8781586c30e93433836027d4632655c4a00f7be8c901f16fdccc4782a00fe
Processed inbound packet: 4500005a000000009904a819d82cf15d0d2aa2d22033ce047f5bfab113c78e8055040000b4c29dd80000000161ae5a6c20cc8759519a8d9a9a0a153716b153910cd11e47bf04066bbe0c5b1f89ef6375c5a2918b603d0f39ddee
inbound errors = 0x0

Iteration 14
outbound errors = 0x0
Original packet: 4500005a000000009904a819d82cf15d0d2aa2d22033ce047f5bfab113c78e8055040000b4c29dd80000000161ae5a6c20cc8759519a8d9a9a0a153716b153910cd11e47bf04066bbe0c5b1f89ef6375c5a2918b603d0f39ddee
Outbound packet: 8800004500000000aaaa0000aaaaaaaabbbbbbbb000003ea0000000f6768696a6b6c6d6e6f70717273747576d75d1d4e99543a176b5e4815c4c29a06a3811b38a0a5d5b46b26a81de1d436ea9d8c44579572791a4caa7d38da8806344b0b63937e643e68b8824f539d9f9772930ee31929b9a790498f9d1b05a8781586c30e93433836027d4632655c4a00f729bea728a0f072882fb0f16a
Processed inbound packet: 4500005a000000009904a819d82cf15d0d2aa2d22033ce047f5bfab113c78e8055040000b4c29dd80000000161ae5a6c20cc8759519a8d9a9a0a153716b153910cd11e47bf04066bbe0c5b1f89ef6375c5a2918b603d0f39ddee
inbound errors = 0x0

Iteration 15
outbound errors = 0x0
Original packet: 4500005a000000009904a819d82cf15d0d2aa2d22033ce047f5bfab113c78e8055040000b4c29dd80000000161ae5a6c20cc8759519a8d9a9a0a153716b153910cd11e47bf04066bbe0c5b1f89ef6375c5a2918b603d0f39ddee
Outbound packet: 8800004500000000aaaa0000aaaaaaaabbbbbbbb000003ea000000106768696a6b6c6d6e6f70717273747576d75d1d4e99543a176b5e4815c4c29a06a3811b38a0a5d5b46b26a81de1d436ea9d8c44579572791a4caa7d38da8806344b0b63937e643e68b8824f539d9f9772930ee31929b9a790498f9d1b05a8781586c30e93433836027d4632655c4a00f73556b9c857f7984d3fd9d1aa
Processed inbound packet: 4500005a000000009904a819d82cf15d0d2aa2d22033ce047f5bfab113c78e8055040000b4c29dd80000000161ae5a6c20cc8759519a8d9a9a0a153716b153910cd11e47bf04066bbe0c5b1f89ef6375c5a2918b603d0f39ddee
inbound errors = 0x0

Iteration 16
outbound errors = 0x0
Original packet: 4500005a000000009904a819d82cf15d0d2aa2d22033ce047f5bfab113c78e8055040000b4c29dd80000000161ae5a6c20cc8759519a8d9a9a0a153716b153910cd11e47bf04066bbe0c5b1f89ef6375c5a2918b603d0f39ddee
Outbound packet: 8800004500000000aaaa0000aaaaaaaabbbbbbbb000003ea000000116768696a6b6c6d6e6f70717273747576d75d1d4e99543a176b5e4815c4c29a06a3811b38a0a5d5b46b26a81de1d436ea9d8c44579572791a4caa7d38da8806344b0b63937e643e68b8824f539d9f9772930ee31929b9a790498f9d1b05a8781586c30e93433836027d4632655c4a00f782ab1a010eafdbedb4f92d46
Processed inbound packet: 4500005a000000009904a819d82cf15d0d2aa2d22033ce047f5bfab113c78e8055040000b4c29dd80000000161ae5a6c20cc8759519a8d9a9a0a153716b153910cd11e47bf04066bbe0c5b1f89ef6375c5a2918b603d0f39ddee
inbound errors = 0x0

Iteration 17
outbound errors = 0x0
Original packet: 4500005a000000009904a819d82cf15d0d2aa2d22033ce047f5bfab113c78e8055040000b4c29dd80000000161ae5a6c20cc8759519a8d9a9a0a153716b153910cd11e47bf04066bbe0c5b1f89ef6375c5a2918b603d0f39ddee
Outbound packet: 8800004500000000aaaa0000aaaaaaaabbbbbbbb000003ea000000126768696a6b6c6d6e6f70717273747576d75d1d4e99543a176b5e4815c4c29a06a3811b38a0a5d5b46b26a81de1d436ea9d8c44579572791a4caa7d38da8806344b0b63937e643e68b8824f539d9f9772930ee31929b9a790498f9d1b05a8781586c30e93433836027d4632655c4a00f7c90f45cc38dff6efb6a3a1df
Processed inbound packet: 4500005a000000009904a819d82cf15d0d2aa2d22033ce047f5bfab113c78e8055040000b4c29dd80000000161ae5a6c20cc8759519a8d9a9a0a153716b153910cd11e47bf04066bbe0c5b1f89ef6375c5a2918b603d0f39ddee
inbound errors = 0x0

Iteration 18
outbound errors = 0x0
Original packet: 4500005a000000009904a819d82cf15d0d2aa2d22033ce047f5bfab113c78e8055040000b4c29dd80000000161ae5a6c20cc8759519a8d9a9a0a153716b153910cd11e47bf04066bbe0c5b1f89ef6375c5a2918b603d0f39ddee
Outbound packet: 8800004500000000aaaa0000aaaaaaaabbbbbbbb000003ea000000136768696a6b6c6d6e6f70717273747576d75d1d4e99543a176b5e4815c4c29a06a3811b38a0a5d5b46b26a81de1d436ea9d8c44579572791a4caa7d38da8806344b0b63937e643e68b8824f539d9f9772930ee31929b9a790498f9d1b05a8781586c30e93433836027d4632655c4a00f777e584f6f341bb623ae9e0ac
Processed inbound packet: 4500005a000000009904a819d82cf15d0d2aa2d22033ce047f5bfab113c78e8055040000b4c29dd80000000161ae5a6c20cc8759519a8d9a9a0a153716b153910cd11e47bf04066bbe0c5b1f89ef6375c5a2918b603d0f39ddee
inbound errors = 0x0

Iteration 19
outbound errors = 0x0
Original packet: 4500005a000000009904a819d82cf15d0d2aa2d22033ce047f5bfab113c78e8055040000b4c29dd80000000161ae5a6c20cc8759519a8d9a9a0a153716b153910cd11e47bf04066bbe0c5b1f89ef6375c5a2918b603d0f39ddee
Outbound packet: 8800004500000000aaaa0000aaaaaaaabbbbbbbb000003ea000000146768696a6b6c6d6e6f70717273747576d75d1d4e99543a176b5e4815c4c29a06a3811b38a0a5d5b46b26a81de1d436ea9d8c44579572791a4caa7d38da8806344b0b63937e643e68b8824f539d9f9772930ee31929b9a790498f9d1b05a8781586c30e93433836027d4632655c4a00f75b5dee331c520452267dd61c
Processed inbound packet: 4500005a000000009904a819d82cf15d0d2aa2d22033ce047f5bfab113c78e8055040000b4c29dd80000000161ae5a6c20cc8759519a8d9a9a0a153716b153910cd11e47bf04066bbe0c5b1f89ef6375c5a2918b603d0f39ddee
inbound errors = 0x0

Iteration 20
outbound errors = 0x0
Original packet: 4500005a000000009904a819d82cf15d0d2aa2d22033ce047f5bfab113c78e8055040000b4c29dd80000000161ae5a6c20cc8759519a8d9a9a0a153716b153910cd11e47bf04066bbe0c5b1f89ef6375c5a2918b603d0f39ddee
Outbound packet: 8800004500000000aaaa0000aaaaaaaabbbbbbbb000003ea000000156768696a6b6c6d6e6f70717273747576d75d1d4e99543a176b5e4815c4c29a06a3811b38a0a5d5b46b26a81de1d436ea9d8c44579572791a4caa7d38da8806344b0b63937e643e68b8824f539d9f9772930ee31929b9a790498f9d1b05a8781586c30e93433836027d4632655c4a00f7c9cf63097d9db48817670ae7
Processed inbound packet: 4500005a000000009904a819d82cf15d0d2aa2d22033ce047f5bfab113c78e8055040000b4c29dd80000000161ae5a6c20cc8759519a8d9a9a0a153716b153910cd11e47bf04066bbe0c5b1f89ef6375c5a2918b603d0f39ddee
inbound errors = 0x0

Iteration 21
outbound errors = 0x0
Original packet: 4500005a000000009904a819d82cf15d0d2aa2d22033ce047f5bfab113c78e8055040000b4c29dd80000000161ae5a6c20cc8759519a8d9a9a0a153716b153910cd11e47bf04066bbe0c5b1f89ef6375c5a2918b603d0f39ddee
Outbound packet: 8800004500000000aaaa0000aaaaaaaabbbbbbbb000003ea000000166768696a6b6c6d6e6f70717273747576d75d1d4e99543a176b5e4815c4c29a06a3811b38a0a5d5b46b26a81de1d436ea9d8c44579572791a4caa7d38da8806344b0b63937e643e68b8824f539d9f9772930ee31929b9a790498f9d1b05a8781586c30e93433836027d4632655c4a00f737b4661ef4ed05384dcb852f
Processed inbound packet: 4500005a000000009904a819d82cf15d0d2aa2d22033ce047f5bfab113c78e8055040000b4c29dd80000000161ae5a6c20cc8759519a8d9a9a0a153716b153910cd11e47bf04066bbe0c5b1f89ef6375c5a2918b603d0f39ddee
inbound errors = 0x0

Iteration 22
outbound errors = 0x0
Original packet: 4500005a000000009904a819d82cf15d0d2aa2d22033ce047f5bfab113c78e8055040000b4c29dd80000000161ae5a6c20cc8759519a8d9a9a0a153716b153910cd11e47bf04066bbe0c5b1f89ef6375c5a2918b603d0f39ddee
Outbound packet: 8800004500000000aaaa0000aaaaaaaabbbbbbbb000003ea000000176768696a6b6c6d6e6f70717273747576d75d1d4e99543a176b5e4815c4c29a06a3811b38a0a5d5b46b26a81de1d436ea9d8c44579572791a4caa7d38da8806344b0b63937e643e68b8824f539d9f9772930ee31929b9a790498f9d1b05a8781586c30e93433836027d4632655c4a00f778ec8bb3223b0c5d8e33c368
Processed inbound packet: 4500005a000000009904a819d82cf15d0d2aa2d22033ce047f5bfab113c78e8055040000b4c29dd80000000161ae5a6c20cc8759519a8d9a9a0a153716b153910cd11e47bf04066bbe0c5b1f89ef6375c5a2918b603d0f39ddee
inbound errors = 0x0

Iteration 23
outbound errors = 0x0
Original packet: 4500005a000000009904a819d82cf15d0d2aa2d22033ce047f5bfab113c78e8055040000b4c29dd80000000161ae5a6c20cc8759519a8d9a9a0a153716b153910cd11e47bf04066bbe0c5b1f89ef6375c5a2918b603d0f39ddee
Outbound packet: 8800004500000000aaaa0000aaaaaaaabbbbbbbb000003ea000000186768696a6b6c6d6e6f70717273747576d75d1d4e99543a176b5e4815c4c29a06a3811b38a0a5d5b46b26a81de1d436ea9d8c44579572791a4caa7d38da8806344b0b63937e643e68b8824f539d9f9772930ee31929b9a790498f9d1b05a8781586c30e93433836027d4632655c4a00f74c17d7ed24e2b5cb89dcfe14
Processed inbound packet: 4500005a000000009904a819d82cf15d0d2aa2d22033ce047f5bfab113c78e8055040000b4c29dd80000000161ae5a6c20cc8759519a8d9a9a0a153716b153910cd11e47bf04066bbe0c5b1f89ef6375c5a2918b603d0f39ddee
inbound errors = 0x0

Iteration 24
outbound errors = 0x0
Original packet: 4500005a000000009904a819d82cf15d0d2aa2d22033ce047f5bfab113c78e8055040000b4c29dd80000000161ae5a6c20cc8759519a8d9a9a0a153716b153910cd11e47bf04066bbe0c5b1f89ef6375c5a2918b603d0f39ddee
Outbound packet: 8800004500000000aaaa0000aaaaaaaabbbbbbbb000003ea000000196768696a6b6c6d6e6f70717273747576d75d1d4e99543a176b5e4815c4c29a06a3811b38a0a5d5b46b26a81de1d436ea9d8c44579572791a4caa7d38da8806344b0b63937e643e68b8824f539d9f9772930ee31929b9a790498f9d1b05a8781586c30e93433836027d4632655c4a00f740e0cec6d190b4285cf7751d
Processed inbound packet: 4500005a000000009904a819d82cf15d0d2aa2d22033ce047f5bfab113c78e8055040000b4c29dd80000000161ae5a6c20cc8759519a8d9a9a0a153716b153910cd11e47bf04066bbe0c5b1f89ef6375c5a2918b603d0f39ddee
inbound errors = 0x0
